Determining if the pthread_create exist failed with the following output:
Change Dir: /home/muntahi/catkin_ws/src/iai_ringlight/cmake-build-debug/CMakeFiles/CMakeTmp

Run Build Command:"/usr/bin/make" "cmTC_fbac2/fast"
/usr/bin/make -f CMakeFiles/cmTC_fbac2.dir/build.make CMakeFiles/cmTC_fbac2.dir/build
make[1]: Entering directory '/home/muntahi/catkin_ws/src/iai_ringlight/cmake-build-debug/CMakeFiles/CMakeTmp'
Building C object CMakeFiles/cmTC_fbac2.dir/CheckSymbolExists.c.o
/usr/bin/cc    -o CMakeFiles/cmTC_fbac2.dir/CheckSymbolExists.c.o   -c /home/muntahi/catkin_ws/src/iai_ringlight/cmake-build-debug/CMakeFiles/CMakeTmp/CheckSymbolExists.c
Linking C executable cmTC_fbac2
/home/muntahi/Downloads/install_dir/clion-2018.1.5/bin/cmake/bin/cmake -E cmake_link_script CMakeFiles/cmTC_fbac2.dir/link.txt --verbose=1
/usr/bin/cc      -rdynamic CMakeFiles/cmTC_fbac2.dir/CheckSymbolExists.c.o  -o cmTC_fbac2 
CMakeFiles/cmTC_fbac2.dir/CheckSymbolExists.c.o: In function `main':
CheckSymbolExists.c:(.text+0x16): undefined reference to `pthread_create'
collect2: error: ld returned 1 exit status
CMakeFiles/cmTC_fbac2.dir/build.make:97: recipe for target 'cmTC_fbac2' failed
make[1]: *** [cmTC_fbac2] Error 1
make[1]: Leaving directory '/home/muntahi/catkin_ws/src/iai_ringlight/cmake-build-debug/CMakeFiles/CMakeTmp'
Makefile:126: recipe for target 'cmTC_fbac2/fast' failed
make: *** [cmTC_fbac2/fast] Error 2

File /home/muntahi/catkin_ws/src/iai_ringlight/cmake-build-debug/CMakeFiles/CMakeTmp/CheckSymbolExists.c:
/* */
#include <pthread.h>

int main(int argc, char** argv)
{
  (void)argv;
#ifndef pthread_create
  return ((int*)(&pthread_create))[argc];
#else
  (void)argc;
  return 0;
#endif
}

Determining if the function pthread_create exists in the pthreads failed with the following output:
Change Dir: /home/muntahi/catkin_ws/src/iai_ringlight/cmake-build-debug/CMakeFiles/CMakeTmp

Run Build Command:"/usr/bin/make" "cmTC_682db/fast"
/usr/bin/make -f CMakeFiles/cmTC_682db.dir/build.make CMakeFiles/cmTC_682db.dir/build
make[1]: Entering directory '/home/muntahi/catkin_ws/src/iai_ringlight/cmake-build-debug/CMakeFiles/CMakeTmp'
Building C object CMakeFiles/cmTC_682db.dir/CheckFunctionExists.c.o
/usr/bin/cc   -DCHECK_FUNCTION_EXISTS=pthread_create   -o CMakeFiles/cmTC_682db.dir/CheckFunctionExists.c.o   -c /home/muntahi/Downloads/install_dir/clion-2018.1.5/bin/cmake/share/cmake-3.10/Modules/CheckFunctionExists.c
Linking C executable cmTC_682db
/home/muntahi/Downloads/install_dir/clion-2018.1.5/bin/cmake/bin/cmake -E cmake_link_script CMakeFiles/cmTC_682db.dir/link.txt --verbose=1
/usr/bin/cc  -DCHECK_FUNCTION_EXISTS=pthread_create    -rdynamic CMakeFiles/cmTC_682db.dir/CheckFunctionExists.c.o  -o cmTC_682db -lpthreads 
/usr/bin/ld: cannot find -lpthreads
collect2: error: ld returned 1 exit status
CMakeFiles/cmTC_682db.dir/build.make:97: recipe for target 'cmTC_682db' failed
make[1]: *** [cmTC_682db] Error 1
make[1]: Leaving directory '/home/muntahi/catkin_ws/src/iai_ringlight/cmake-build-debug/CMakeFiles/CMakeTmp'
Makefile:126: recipe for target 'cmTC_682db/fast' failed
make: *** [cmTC_682db/fast] Error 2


